<?xml version="1.0" encoding="UTF-8"?>
<!-- Generated by org.testng.reporters.JUnitXMLReporter -->
<testsuite ignored="0" hostname="Mohamed-Saeed" failures="0" tests="3" name="Default test" time="5.421" errors="0" timestamp="2023-10-28T20:18:55 EET">
  <testcase classname="tests.UserRegistrationTestWithDDTAndJSON" name="UserCanRegisterSuccssfully" time="2.904"/>
  <testcase classname="tests.UserRegistrationTestWithDDTAndJSON" name="RegisteredUserCanLogin" time="1.384"/>
  <testcase classname="tests.UserRegistrationTestWithDDTAndJSON" name="RegisteredUserCanLogout" time="0.791"/>
</testsuite> <!-- Default test -->
