<?xml version="1.0" encoding="UTF-8"?>
<testng-results ignored="0" total="3" passed="3" failed="0" skipped="0">
  <reporter-output>
  </reporter-output>
  <suite started-at="2023-10-28T20:18:49 EET" name="Default suite" finished-at="2023-10-28T20:18:55 EET" duration-ms="5421">
    <groups>
      <group name="cucumber">
        <method signature="AbstractTestNGCucumberTests.feature(cucumber.api.testng.CucumberFeatureWrapper)[pri:0, instance:tests.UserRegistrationTestWithDDTAndJSON@3b0090a4]" name="feature" class="cucumber.api.testng.AbstractTestNGCucumberTests"/>
      </group> <!-- cucumber -->
    </groups>
    <test started-at="2023-10-28T20:18:49 EET" name="Default test" finished-at="2023-10-28T20:18:55 EET" duration-ms="5421">
      <class name="tests.UserRegistrationTestWithDDTAndJSON">
        <test-method is-config="true" signature="startDriver(java.lang.String)[pri:0, instance:tests.UserRegistrationTestWithDDTAndJSON@3b0090a4]" started-at="2023-10-28T20:18:45 EET" name="startDriver" finished-at="2023-10-28T20:18:49 EET" duration-ms="4613" status="PASS">
          <params>
            <param index="0">
              <value>
                <![CDATA[chrome]]>
              </value>
            </param>
          </params>
          <reporter-output>
          </reporter-output>
        </test-method> <!-- startDriver -->
        <test-method is-config="true" signature="setUpClass()[pri:0, instance:tests.UserRegistrationTestWithDDTAndJSON@3b0090a4]" started-at="2023-10-28T20:18:49 EET" name="setUpClass" finished-at="2023-10-28T20:18:50 EET" duration-ms="268" status="PASS">
          <reporter-output>
          </reporter-output>
        </test-method> <!-- setUpClass -->
        <test-method signature="UserCanRegisterSuccssfully()[pri:1, instance:tests.UserRegistrationTestWithDDTAndJSON@3b0090a4]" started-at="2023-10-28T20:18:50 EET" name="UserCanRegisterSuccssfully" finished-at="2023-10-28T20:18:52 EET" duration-ms="2904" status="PASS">
          <reporter-output>
          </reporter-output>
        </test-method> <!-- UserCanRegisterSuccssfully -->
        <test-method is-config="true" signature="takeScreenOnFailor(org.testng.ITestResult)[pri:0, instance:tests.UserRegistrationTestWithDDTAndJSON@3b0090a4]" started-at="2023-10-28T20:18:52 EET" name="takeScreenOnFailor" finished-at="2023-10-28T20:18:52 EET" duration-ms="1" status="PASS">
          <params>
            <param index="0">
              <value>
                <![CDATA[[TestResult name=UserCanRegisterSuccssfully status=SUCCESS method=UserRegistrationTestWithDDTAndJSON.UserCanRegisterSuccssfully()[pri:1, instance:tests.UserRegistrationTestWithDDTAndJSON@3b0090a4] output={null}]]]>
              </value>
            </param>
          </params>
          <reporter-output>
          </reporter-output>
        </test-method> <!-- takeScreenOnFailor -->
        <test-method signature="RegisteredUserCanLogin()[pri:0, instance:tests.UserRegistrationTestWithDDTAndJSON@3b0090a4]" started-at="2023-10-28T20:18:52 EET" name="RegisteredUserCanLogin" finished-at="2023-10-28T20:18:54 EET" depends-on-methods="tests.UserRegistrationTestWithDDTAndJSON.UserCanRegisterSuccssfully" duration-ms="1384" status="PASS">
          <reporter-output>
          </reporter-output>
        </test-method> <!-- RegisteredUserCanLogin -->
        <test-method is-config="true" signature="takeScreenOnFailor(org.testng.ITestResult)[pri:0, instance:tests.UserRegistrationTestWithDDTAndJSON@3b0090a4]" started-at="2023-10-28T20:18:54 EET" name="takeScreenOnFailor" finished-at="2023-10-28T20:18:54 EET" duration-ms="0" status="PASS">
          <params>
            <param index="0">
              <value>
                <![CDATA[[TestResult name=RegisteredUserCanLogin status=SUCCESS method=UserRegistrationTestWithDDTAndJSON.RegisteredUserCanLogin()[pri:0, instance:tests.UserRegistrationTestWithDDTAndJSON@3b0090a4] output={null}]]]>
              </value>
            </param>
          </params>
          <reporter-output>
          </reporter-output>
        </test-method> <!-- takeScreenOnFailor -->
        <test-method signature="RegisteredUserCanLogout()[pri:0, instance:tests.UserRegistrationTestWithDDTAndJSON@3b0090a4]" started-at="2023-10-28T20:18:54 EET" name="RegisteredUserCanLogout" finished-at="2023-10-28T20:18:55 EET" depends-on-methods="tests.UserRegistrationTestWithDDTAndJSON.RegisteredUserCanLogin" duration-ms="791" status="PASS">
          <reporter-output>
          </reporter-output>
        </test-method> <!-- RegisteredUserCanLogout -->
        <test-method is-config="true" signature="takeScreenOnFailor(org.testng.ITestResult)[pri:0, instance:tests.UserRegistrationTestWithDDTAndJSON@3b0090a4]" started-at="2023-10-28T20:18:55 EET" name="takeScreenOnFailor" finished-at="2023-10-28T20:18:55 EET" duration-ms="1" status="PASS">
          <params>
            <param index="0">
              <value>
                <![CDATA[[TestResult name=RegisteredUserCanLogout status=SUCCESS method=UserRegistrationTestWithDDTAndJSON.RegisteredUserCanLogout()[pri:0, instance:tests.UserRegistrationTestWithDDTAndJSON@3b0090a4] output={null}]]]>
              </value>
            </param>
          </params>
          <reporter-output>
          </reporter-output>
        </test-method> <!-- takeScreenOnFailor -->
        <test-method is-config="true" signature="tearDownClass()[pri:0, instance:tests.UserRegistrationTestWithDDTAndJSON@3b0090a4]" started-at="2023-10-28T20:18:55 EET" name="tearDownClass" finished-at="2023-10-28T20:18:55 EET" duration-ms="10" status="PASS">
          <reporter-output>
          </reporter-output>
        </test-method> <!-- tearDownClass -->
        <test-method is-config="true" signature="quiteAll()[pri:0, instance:tests.UserRegistrationTestWithDDTAndJSON@3b0090a4]" started-at="2023-10-28T20:18:55 EET" name="quiteAll" finished-at="2023-10-28T20:18:55 EET" duration-ms="182" status="PASS">
          <reporter-output>
          </reporter-output>
        </test-method> <!-- quiteAll -->
      </class> <!-- tests.UserRegistrationTestWithDDTAndJSON -->
    </test> <!-- Default test -->
  </suite> <!-- Default suite -->
</testng-results>
